<?xml version="1.0" encoding="UTF-8"?>
<!-- Generated by org.testng.reporters.JUnitReportReporter -->
<testsuite hostname="DESKTOP-FT4TQ7O" failures="0" tests="1" name="openSooq.opensooq" time="0.005" errors="0" timestamp="2022-11-29T21:48:59 EET" skipped="0">
  <testcase classname="openSooq.opensooq" name="memem" time="0.005"/>
  <system-out/>
</testsuite> <!-- openSooq.opensooq -->
